[debug] [2018-08-21T07:45:58.784Z] ----------------------------------------------------------------------
[debug] [2018-08-21T07:45:58.786Z] Command:       C:\Program Files\nodejs\node.exe C:\Users\Kevin Castiblanco\AppData\Roaming\npm\node_modules\firebase-tools\bin\firebase init
[debug] [2018-08-21T07:45:58.787Z] CLI Version:   4.0.0
[debug] [2018-08-21T07:45:58.787Z] Platform:      win32
[debug] [2018-08-21T07:45:58.787Z] Node Version:  v8.9.1
[debug] [2018-08-21T07:45:58.787Z] Time:          Tue Aug 21 2018 02:45:58 GMT-0500 (Hora est. Pacífico, Sudamérica)
[debug] [2018-08-21T07:45:58.787Z] ----------------------------------------------------------------------
[debug] 
[debug] [2018-08-21T07:45:58.805Z] > command requires scopes: ["email","openid","https://www.googleapis.com/auth/cloudplatformprojects.readonly","https://www.googleapis.com/auth/firebase"]
[debug] [2018-08-21T07:45:58.807Z] > authorizing via signed-in user
[info] 
     ######## #### ########  ######## ########     ###     ######  ########
     ##        ##  ##     ## ##       ##     ##  ##   ##  ##       ##
     ######    ##  ########  ######   ########  #########  ######  ######
     ##        ##  ##    ##  ##       ##     ## ##     ##       ## ##
     ##       #### ##     ## ######## ########  ##     ##  ######  ########

You're about to initialize a Firebase project in this directory:

  C:\reactjs\moviedb

Before we get started, keep in mind:

  * You are currently outside your home directory
  * You are initializing in an existing Firebase project directory

[info] 
=== Project Setup
[info] 
[info] First, let's associate this project directory with a Firebase project.
[info] You can create multiple project aliases by running firebase use --add, 
[info] but for now we'll just set up a default project.
[info] 
[debug] [2018-08-21T07:46:08.482Z] >>> HTTP REQUEST GET https://admin.firebase.com/v1/projects  
  
 Tue Aug 21 2018 02:46:08 GMT-0500 (Hora est. Pacífico, Sudamérica)
[debug] [2018-08-21T07:46:09.493Z] <<< HTTP RESPONSE 200
[info] i  .firebaserc already has a default project, skipping
[info] 
=== Hosting Setup
[info] 
[info] Your public directory is the folder (relative to your project directory) that
[info] will contain Hosting assets to be uploaded with firebase deploy. If you
[info] have a build process for your assets, use your build's output directory.
[info] 
